<?xml version="1.0" encoding="UTF-8"?>
<!-- Generated by org.testng.reporters.JUnitXMLReporter -->
<testsuite ignored="0" hostname="DESKTOP-8JJUN36" failures="1" tests="2" name="Test" time="4.412" errors="0" timestamp="30 Sep 2024 01:14:59 GMT">
  <testcase classname="com.testNG.Costco" name="getUrl" time="0.0">
    <failure type="org.testng.TestNGException" message="
Parameter &amp;apos;browser&amp;apos; is required by @Test on method getUrl but has not been marked @Optional or defined
in C:\Users\HP\git\batch40\batch40\ParallerBrowser.xml">
      <![CDATA[org.testng.TestNGException: 
Parameter 'browser' is required by @Test on method getUrl but has not been marked @Optional or defined
in C:\Users\HP\git\batch40\batch40\ParallerBrowser.xml
at java.base/java.util.concurrent.ThreadPoolExecutor.runWorker(ThreadPoolExecutor.java:1136)
at java.base/java.util.concurrent.ThreadPoolExecutor$Worker.run(ThreadPoolExecutor.java:635)
at java.base/java.lang.Thread.run(Thread.java:833)
... Removed 9 stack frames]]>
    </failure>
  </testcase> <!-- getUrl -->
  <testcase classname="com.testNG.Ebay" name="getUrl" time="4.357"/>
</testsuite> <!-- Test -->
