<?xml version="1.0" encoding="UTF-8"?>
<testng-results ignored="0" total="2" passed="2" failed="0" skipped="0">
  <reporter-output>
  </reporter-output>
  <suite started-at="2024-10-07T15:16:24Z" name="Suite" finished-at="2024-10-07T15:16:26Z" duration-ms="2174">
    <groups>
      <group name="cucumber">
        <method signature="AbstractTestNGCucumberTests.runScenario(io.cucumber.testng.PickleWrapper, io.cucumber.testng.FeatureWrapper)[pri:0, instance:cucumber.run.CucumberLoginRun@54c62d71]" name="runScenario" class="io.cucumber.testng.AbstractTestNGCucumberTests"/>
      </group> <!-- cucumber -->
    </groups>
    <test started-at="2024-10-07T15:16:24Z" name="Test" finished-at="2024-10-07T15:16:26Z" duration-ms="2174">
      <class name="cucumber.run.CucumberLoginRun">
        <test-method is-config="true" signature="getSetup()[pri:0, instance:cucumber.run.CucumberLoginRun@54c62d71]" started-at="2024-10-07T15:16:24Z" name="getSetup" finished-at="2024-10-07T15:16:24Z" duration-ms="10" status="PASS">
          <reporter-output>
          </reporter-output>
        </test-method> <!-- getSetup -->
        <test-method is-config="true" signature="setUpClass()[pri:0, instance:cucumber.run.CucumberLoginRun@54c62d71]" started-at="2024-10-07T15:16:24Z" name="setUpClass" finished-at="2024-10-07T15:16:25Z" duration-ms="568" status="PASS">
          <reporter-output>
          </reporter-output>
        </test-method> <!-- setUpClass -->
        <test-method signature="runScenario(io.cucumber.testng.PickleWrapper, io.cucumber.testng.FeatureWrapper)[pri:0, instance:cucumber.run.CucumberLoginRun@54c62d71]" started-at="2024-10-07T15:16:25Z" name="runScenario" description="Runs Cucumber Scenarios" data-provider="scenarios" finished-at="2024-10-07T15:16:25Z" duration-ms="322" status="PASS">
          <params>
            <param index="0">
              <value>
                <![CDATA["Title of your scenario(As a user, I want to login with valid credentials, so that I can use the website)"]]>
              </value>
            </param>
            <param index="1">
              <value>
                <![CDATA["Optional[Automationexercise login testing]"]]>
              </value>
            </param>
          </params>
          <reporter-output>
          </reporter-output>
        </test-method> <!-- runScenario -->
        <test-method signature="getTest()[pri:0, instance:cucumber.run.CucumberLoginRun@54c62d71]" started-at="2024-10-07T15:16:25Z" name="getTest" finished-at="2024-10-07T15:16:25Z" duration-ms="6" status="PASS">
          <reporter-output>
          </reporter-output>
        </test-method> <!-- getTest -->
        <test-method is-config="true" signature="tearDownClass()[pri:0, instance:cucumber.run.CucumberLoginRun@54c62d71]" started-at="2024-10-07T15:16:25Z" name="tearDownClass" finished-at="2024-10-07T15:16:26Z" duration-ms="1240" status="PASS">
          <reporter-output>
          </reporter-output>
        </test-method> <!-- tearDownClass -->
        <test-method is-config="true" signature="tearDown()[pri:0, instance:cucumber.run.CucumberLoginRun@54c62d71]" started-at="2024-10-07T15:16:26Z" name="tearDown" finished-at="2024-10-07T15:16:26Z" duration-ms="0" status="PASS">
          <reporter-output>
          </reporter-output>
        </test-method> <!-- tearDown -->
      </class> <!-- cucumber.run.CucumberLoginRun -->
    </test> <!-- Test -->
  </suite> <!-- Suite -->
</testng-results>
