<?xml version="1.0" encoding="UTF-8"?>
<testng-results ignored="0" total="2" passed="1" failed="1" skipped="0">
  <reporter-output>
  </reporter-output>
  <suite started-at="2024-09-30T01:14:55Z" name="Suite" finished-at="2024-09-30T01:14:59Z" duration-ms="4412">
    <groups>
    </groups>
    <test started-at="2024-09-30T01:14:55Z" name="Test" finished-at="2024-09-30T01:14:59Z" duration-ms="4412">
      <class name="com.testNG.Ebay">
        <test-method signature="getUrl()[pri:0, instance:com.testNG.Ebay@22ffa91a]" started-at="2024-09-30T01:14:55Z" name="getUrl" finished-at="2024-09-30T01:14:59Z" duration-ms="4357" status="PASS">
          <reporter-output>
          </reporter-output>
        </test-method> <!-- getUrl -->
      </class> <!-- com.testNG.Ebay -->
      <class name="com.testNG.Costco">
        <test-method signature="getUrl(java.lang.String)[pri:0, instance:com.testNG.Costco@4b41e4dd]" started-at="2024-09-30T01:14:55Z" name="getUrl" finished-at="2024-09-30T01:14:55Z" duration-ms="0" status="FAIL">
          <exception class="org.testng.TestNGException">
            <message>
              <![CDATA[
Parameter 'browser' is required by @Test on method getUrl but has not been marked @Optional or defined
in C:\Users\HP\git\batch40\batch40\ParallerBrowser.xml]]>
            </message>
            <full-stacktrace>
              <![CDATA[org.testng.TestNGException: 
Parameter 'browser' is required by @Test on method getUrl but has not been marked @Optional or defined
in C:\Users\HP\git\batch40\batch40\ParallerBrowser.xml
at org.testng.internal.Parameters.createParams(Parameters.java:290)
at org.testng.internal.Parameters.createParametersForMethod(Parameters.java:359)
at org.testng.internal.Parameters.createParameters(Parameters.java:620)
at org.testng.internal.Parameters.handleParameters(Parameters.java:769)
at org.testng.internal.ParameterHandler.handleParameters(ParameterHandler.java:49)
at org.testng.internal.ParameterHandler.createParameters(ParameterHandler.java:37)
at org.testng.internal.Invoker.invokeTestMethods(Invoker.java:924)
at org.testng.internal.TestMethodWorker.invokeTestMethods(TestMethodWorker.java:125)
at org.testng.internal.TestMethodWorker.run(TestMethodWorker.java:109)
at java.base/java.util.concurrent.ThreadPoolExecutor.runWorker(ThreadPoolExecutor.java:1136)
at java.base/java.util.concurrent.ThreadPoolExecutor$Worker.run(ThreadPoolExecutor.java:635)
at java.base/java.lang.Thread.run(Thread.java:833)
]]>
            </full-stacktrace>
          </exception> <!-- org.testng.TestNGException -->
          <reporter-output>
          </reporter-output>
        </test-method> <!-- getUrl -->
      </class> <!-- com.testNG.Costco -->
    </test> <!-- Test -->
  </suite> <!-- Suite -->
</testng-results>
